00000000000i[     ] Bochs x86 Emulator 2.6
00000000000i[     ]   Built from SVN snapshot on September 2nd, 2012
00000000000i[     ] Compiled on Sep 11 2012 at 21:26:10
00000000000i[     ] System configuration
00000000000i[     ]   processors: 1 (cores=1, HT threads=1)
00000000000i[     ]   A20 line support: yes
00000000000i[     ] IPS is set to 4000000
00000000000i[     ] CPU configuration
00000000000i[     ]   level: 6
00000000000i[     ]   SMP support: no
00000000000i[     ]   APIC support: xapic
00000000000i[     ]   FPU support: yes
00000000000i[     ]   MMX support: yes
00000000000i[     ]   3dnow! support: yes
00000000000i[     ]   SEP support: yes
00000000000i[     ]   SSE support: sse2
00000000000i[     ]   XSAVE support: no 
00000000000i[     ]   AES support: no
00000000000i[     ]   MOVBE support: no
00000000000i[     ]   ADX support: no
00000000000i[     ]   x86-64 support: no
00000000000i[     ]   MWAIT support: yes
00000000000i[     ] Optimization configuration
00000000000i[     ]   RepeatSpeedups support: no
00000000000i[     ]   Fast function calls: no
00000000000i[     ]   Handlers Chaining speedups: no
00000000000i[     ] Devices configuration
00000000000i[     ]   NE2000 support: no
00000000000i[     ]   PCI support: no, enabled=no
00000000000i[     ]   SB16 support: no
00000000000i[     ]   USB support: no
00000000000i[     ]   VGA extension support: vbe 
00000000000i[MEM0 ] allocated memory at 0x7f859eac8010. after alignment, vector=0x7f859eac9000
00000000000i[MEM0 ] 32.00MB
00000000000i[MEM0 ] mem block size = 0x00100000, blocks=32
00000000000i[MEM0 ] rom at 0xfffe0000/131072 ('/usr/share/bochs/BIOS-bochs-latest')
00000000000i[     ] init_dev of 'cmos' plugin device by virtual method
00000000000i[CMOS ] Using local time for initial clock
00000000000i[CMOS ] Setting initial clock to: Mon Feb 18 15:57:49 2013 (time0=1361203069)
00000000000i[     ] init_dev of 'dma' plugin device by virtual method
00000000000i[DMA  ] channel 4 used by cascade
00000000000i[     ] init_dev of 'pic' plugin device by virtual method
00000000000i[     ] init_dev of 'pit' plugin device by virtual method
00000000000i[     ] init_dev of 'floppy' plugin device by virtual method
00000000000i[DMA  ] channel 2 used by Floppy Drive
00000000000i[FDD  ] fd0: 'os-image.bin' ro=0, h=2,t=80,spt=18
00000000000i[     ] init_dev of 'vga' plugin device by virtual method
00000000000i[MEM0 ] Register memory access handlers: 0x00000000000a0000 - 0x00000000000bffff
00000000000i[VGA  ] interval=200000
00000000000i[MEM0 ] Register memory access handlers: 0x00000000e0000000 - 0x00000000e0ffffff
00000000000i[BXVGA] VBE Bochs Display Extension Enabled
00000000000i[XGUI ] test_alloc_colors: 16 colors available out of 16 colors tried
00000000000i[XGUI ] font 8 wide x 16 high, display depth = 24
00000000000i[MEM0 ] rom at 0xc0000/41472 ('/usr/share/bochs/VGABIOS-lgpl-latest')
00000000000i[     ] init_dev of 'ioapic' plugin device by virtual method
00000000000i[IOAP ] initializing I/O APIC
00000000000i[MEM0 ] Register memory access handlers: 0x00000000fec00000 - 0x00000000fec00fff
00000000000i[     ] init_dev of 'keyboard' plugin device by virtual method
00000000000i[KBD  ] will paste characters every 1000 keyboard ticks
00000000000i[     ] init_dev of 'harddrv' plugin device by virtual method
00000000000i[HD   ] Using boot sequence floppy, none, none
00000000000i[HD   ] Floppy boot signature check is enabled
00000000000i[     ] init_dev of 'unmapped' plugin device by virtual method
00000000000i[     ] init_dev of 'biosdev' plugin device by virtual method
00000000000i[     ] init_dev of 'speaker' plugin device by virtual method
00000000000i[     ] init_dev of 'extfpuirq' plugin device by virtual method
00000000000i[     ] init_dev of 'parallel' plugin device by virtual method
00000000000i[PAR  ] parallel port 1 at 0x0378 irq 7
00000000000i[     ] init_dev of 'serial' plugin device by virtual method
00000000000i[SER  ] com1 at 0x03f8 irq 4
00000000000i[     ] register state of 'cmos' plugin device by virtual method
00000000000i[     ] register state of 'dma' plugin device by virtual method
00000000000i[     ] register state of 'pic' plugin device by virtual method
00000000000i[     ] register state of 'pit' plugin device by virtual method
00000000000i[     ] register state of 'floppy' plugin device by virtual method
00000000000i[     ] register state of 'vga' plugin device by virtual method
00000000000i[     ] register state of 'unmapped' plugin device by virtual method
00000000000i[     ] register state of 'biosdev' plugin device by virtual method
00000000000i[     ] register state of 'speaker' plugin device by virtual method
00000000000i[     ] register state of 'extfpuirq' plugin device by virtual method
00000000000i[     ] register state of 'parallel' plugin device by virtual method
00000000000i[     ] register state of 'serial' plugin device by virtual method
00000000000i[     ] register state of 'ioapic' plugin device by virtual method
00000000000i[     ] register state of 'keyboard' plugin device by virtual method
00000000000i[     ] register state of 'harddrv' plugin device by virtual method
00000000000i[SYS  ] bx_pc_system_c::Reset(HARDWARE) called
00000000000i[CPU0 ] cpu hardware reset
00000000000i[APIC0] allocate APIC id=0 (MMIO enabled) to 0x00000000fee00000
00000000000i[CPU0 ] CPUID[0x00000000]: 00000002 68747541 444d4163 69746e65
00000000000i[CPU0 ] CPUID[0x00000001]: 00000633 00010800 00000008 17cbfbff
00000000000i[CPU0 ] CPUID[0x00000002]: 00000000 00000000 00000000 00000000
00000000000i[CPU0 ] CPUID[0x80000000]: 80000008 68747541 444d4163 69746e65
00000000000i[CPU0 ] CPUID[0x80000001]: 00000633 00000000 00000000 c1c3f3ff
00000000000i[CPU0 ] CPUID[0x80000002]: 20444d41 6c687441 74286e6f 7020296d
00000000000i[CPU0 ] CPUID[0x80000003]: 65636f72 726f7373 00000000 00000000
00000000000i[CPU0 ] CPUID[0x80000004]: 00000000 00000000 00000000 00000000
00000000000i[CPU0 ] CPUID[0x80000005]: 01ff01ff 01ff01ff 40020140 40020140
00000000000i[CPU0 ] CPUID[0x80000006]: 00000000 42004200 02008140 00000000
00000000000i[CPU0 ] CPUID[0x80000007]: 00000000 00000000 00000000 00000000
00000000000i[CPU0 ] CPUID[0x80000008]: 00002028 00000000 00000000 00000000
00000000000i[     ] reset of 'cmos' plugin device by virtual method
00000000000i[     ] reset of 'dma' plugin device by virtual method
00000000000i[     ] reset of 'pic' plugin device by virtual method
00000000000i[     ] reset of 'pit' plugin device by virtual method
00000000000i[     ] reset of 'floppy' plugin device by virtual method
00000000000i[     ] reset of 'vga' plugin device by virtual method
00000000000i[     ] reset of 'ioapic' plugin device by virtual method
00000000000i[     ] reset of 'keyboard' plugin device by virtual method
00000000000i[     ] reset of 'harddrv' plugin device by virtual method
00000000000i[     ] reset of 'unmapped' plugin device by virtual method
00000000000i[     ] reset of 'biosdev' plugin device by virtual method
00000000000i[     ] reset of 'speaker' plugin device by virtual method
00000000000e[SPEAK] Failed to open /dev/console: Permission denied
00000000000e[SPEAK] Deactivating beep on console
00000000000i[     ] reset of 'extfpuirq' plugin device by virtual method
00000000000i[     ] reset of 'parallel' plugin device by virtual method
00000000000i[     ] reset of 'serial' plugin device by virtual method
00000000000i[XGUI ] Mouse capture off
00000000025i[MEM0 ] allocate_block: block=0x0 used 0x1 of 0x20
00000004661i[BIOS ] $Revision: 11318 $ $Date: 2012-08-06 19:59:54 +0200 (Mo, 06. Aug 2012) $
00000319074i[KBD  ] reset-disable command received
00000321808i[BIOS ] Starting rombios32
00000322242i[BIOS ] Shutdown flag 0
00000322837i[BIOS ] ram_size=0x02000000
00000323258i[BIOS ] ram_end=32MB
00000363787i[BIOS ] Found 1 cpu(s)
00000377969i[BIOS ] bios_table_addr: 0x000fa438 end=0x000fcc00
00000396429i[BIOS ] bios_table_cur_addr: 0x000fa438
00000524046i[VBIOS] VGABios $Id: vgabios.c,v 1.75 2011/10/15 14:07:21 vruppert Exp $
00000524117i[BXVGA] VBE known Display Interface b0c0
00000524149i[BXVGA] VBE known Display Interface b0c5
00000527074i[VBIOS] VBE Bios $Id: vbe.c,v 1.64 2011/07/19 18:25:05 vruppert Exp $
00000800003i[XGUI ] charmap update. Font Height is 16
00013162150i[BIOS ] Booting from 0000:7c00
00013410152i[FDD  ] partial read() on floppy image returns 68/512
00013454596i[FDD  ] read() on floppy image returns 0
00013499040i[FDD  ] read() on floppy image returns 0
00013543484i[FDD  ] read() on floppy image returns 0
00013587928i[FDD  ] read() on floppy image returns 0
00013632372i[FDD  ] read() on floppy image returns 0
00013676816i[FDD  ] read() on floppy image returns 0
00013721260i[FDD  ] read() on floppy image returns 0
00013765704i[FDD  ] read() on floppy image returns 0
00013810148i[FDD  ] read() on floppy image returns 0
00013854592i[FDD  ] read() on floppy image returns 0
00225148000p[XGUI ] >>PANIC<< POWER button turned off.
00225148000i[CPU0 ] CPU is in protected mode (active)
00225148000i[CPU0 ] CS.mode = 32 bit
00225148000i[CPU0 ] SS.mode = 32 bit
00225148000i[CPU0 ] EFER   = 0x00000000
00225148000i[CPU0 ] | EAX=00000030  EBX=00007cf7  ECX=00000230  EDX=000003d5
00225148000i[CPU0 ] | ESP=0008fff8  EBP=00090000  ESI=000e0000  EDI=0000ffac
00225148000i[CPU0 ] | IOPL=0 id vip vif ac vm rf nt of df if tf sf zf af PF cf
00225148000i[CPU0 ] | SEG sltr(index|ti|rpl)     base    limit G D
00225148000i[CPU0 ] |  CS:0008( 0001| 0|  0) 00000000 ffffffff 1 1
00225148000i[CPU0 ] |  DS:0010( 0002| 0|  0) 00000000 ffffffff 1 1
00225148000i[CPU0 ] |  SS:0010( 0002| 0|  0) 00000000 ffffffff 1 1
00225148000i[CPU0 ] |  ES:0010( 0002| 0|  0) 00000000 ffffffff 1 1
00225148000i[CPU0 ] |  FS:0010( 0002| 0|  0) 00000000 ffffffff 1 1
00225148000i[CPU0 ] |  GS:0010( 0002| 0|  0) 00000000 ffffffff 1 1
00225148000i[CPU0 ] | EIP=00001005 (00001005)
00225148000i[CPU0 ] | CR0=0x60000011 CR2=0x00000000
00225148000i[CPU0 ] | CR3=0x00000000 CR4=0x00000000
00225148000i[CPU0 ] 0x00001005>> jmp .-2 (0x00001005) : EBFE
00225148000i[CMOS ] Last time is 1361203125 (Mon Feb 18 15:58:45 2013)
00225148000i[XGUI ] Exit
00225148000i[     ] restoring default signal behavior
00225148000i[CTRL ] quit_sim called with exit code 1
